<?xml version="1.0" encoding="UTF-8"?>
<testng-results total="0" passed="0" failed="0" skipped="0">
  <reporter-output>
  </reporter-output>
  <suite started-at="2020-02-24T17:24:06Z" name="Cucumber Framework" finished-at="2020-02-24T17:24:07Z" duration-ms="619">
    <groups>
    </groups>
    <test started-at="2020-02-24T17:24:06Z" name="Cucumber Tests" finished-at="2020-02-24T17:24:07Z" duration-ms="619">
    </test> <!-- Cucumber Tests -->
  </suite> <!-- Cucumber Framework -->
</testng-results>
